0 info it worked if it ends with ok
1 verbose cli [ '/usr/share/node/bin/node', '/usr/local/bin/npm', 'start' ]
2 info using npm@2.15.5
3 info using node@v4.4.5
4 verbose run-script [ 'prestart', 'start', 'poststart' ]
5 info prestart adventurelookup@1.0.0
6 info start adventurelookup@1.0.0
7 verbose unsafe-perm in lifecycle true
8 info adventurelookup@1.0.0 Failed to exec start script
9 verbose stack Error: adventurelookup@1.0.0 start: `webpack-dev-server -d --inline --hot`
9 verbose stack Exit status 1
9 verbose stack     at EventEmitter.<anonymous> (/usr/share/node/lib/node_modules/npm/lib/utils/lifecycle.js:217:16)
9 verbose stack     at emitTwo (events.js:87:13)
9 verbose stack     at EventEmitter.emit (events.js:172:7)
9 verbose stack     at ChildProcess.<anonymous> (/usr/share/node/lib/node_modules/npm/lib/utils/spawn.js:24:14)
9 verbose stack     at emitTwo (events.js:87:13)
9 verbose stack     at ChildProcess.emit (events.js:172:7)
9 verbose stack     at maybeClose (internal/child_process.js:827:16)
9 verbose stack     at Process.ChildProcess._handle.onexit (internal/child_process.js:211:5)
10 verbose pkgid adventurelookup@1.0.0
11 verbose cwd /home/peter/dev/src/github.com/petertrotman/adventurelookup/client
12 error Linux 4.4.0-34-generic
13 error argv "/usr/share/node/bin/node" "/usr/local/bin/npm" "start"
14 error node v4.4.5
15 error npm  v2.15.5
16 error code ELIFECYCLE
17 error adventurelookup@1.0.0 start: `webpack-dev-server -d --inline --hot`
17 error Exit status 1
18 error Failed at the adventurelookup@1.0.0 start script 'webpack-dev-server -d --inline --hot'.
18 error This is most likely a problem with the adventurelookup package,
18 error not with npm itself.
18 error Tell the author that this fails on your system:
18 error     webpack-dev-server -d --inline --hot
18 error You can get information on how to open an issue for this project with:
18 error     npm bugs adventurelookup
18 error Or if that isn't available, you can get their info via:
18 error
18 error     npm owner ls adventurelookup
18 error There is likely additional logging output above.
19 verbose exit [ 1, true ]
