0 info it worked if it ends with ok
1 verbose cli [ '/usr/share/node/bin/node',
1 verbose cli   '/usr/local/bin/npm',
1 verbose cli   'run',
1 verbose cli   'lint' ]
2 info using npm@2.15.5
3 info using node@v4.4.5
4 verbose stack Error: ENOENT: no such file or directory, open '/home/peter/dev/src/github.com/petertrotman/adventurelookup/package.json'
4 verbose stack     at Error (native)
5 verbose cwd /home/peter/dev/src/github.com/petertrotman/adventurelookup
6 error Linux 4.4.0-34-generic
7 error argv "/usr/share/node/bin/node" "/usr/local/bin/npm" "run" "lint"
8 error node v4.4.5
9 error npm  v2.15.5
10 error path /home/peter/dev/src/github.com/petertrotman/adventurelookup/package.json
11 error code ENOENT
12 error errno -2
13 error syscall open
14 error enoent ENOENT: no such file or directory, open '/home/peter/dev/src/github.com/petertrotman/adventurelookup/package.json'
14 error enoent This is most likely not a problem with npm itself
14 error enoent and is related to npm not being able to find a file.
15 verbose exit [ -2, true ]
